<?xml version="1.0" encoding="UTF-8"?>
<!-- Generated by org.testng.reporters.JUnitReportReporter -->
<testsuite hostname="LAPTOP-077COGF2" failures="0" tests="1" name="com.regression.LoginTest" time="0.536" errors="0" timestamp="2023-05-06T10:08:33 BST" skipped="0">
  <testcase classname="com.regression.LoginTest" name="ValidateLoginPagewithCorrectDetails" time="0.536"/>
  <system-out/>
</testsuite> <!-- com.regression.LoginTest -->
